0 info it worked if it ends with ok
1 verbose cli [ '/Users/aclark/.nvm/versions/node/v6.1.0/bin/node',
1 verbose cli   '/Users/aclark/.nvm/versions/node/v6.1.0/bin/npm',
1 verbose cli   'run',
1 verbose cli   'run' ]
2 info using npm@3.8.6
3 info using node@v6.1.0
4 verbose run-script [ 'prerun', 'run', 'postrun' ]
5 info lifecycle staticSite@1.0.0~prerun: staticSite@1.0.0
6 silly lifecycle staticSite@1.0.0~prerun: no script for prerun, continuing
7 info lifecycle staticSite@1.0.0~run: staticSite@1.0.0
8 verbose lifecycle staticSite@1.0.0~run: unsafe-perm in lifecycle true
9 verbose lifecycle staticSite@1.0.0~run: PATH: /Users/aclark/.nvm/versions/node/v6.1.0/lib/node_modules/npm/bin/node-gyp-bin:/Users/aclark/projects/clark/staticSite/node_modules/.bin:/Users/aclark/.nvm/versions/node/v6.1.0/bin:/Users/aclark/.nvm/versions/node/v6.1.0/bin:./bin:./.bundle/bin:/Users/aclark/.rbenv/shims:/Applications/Postgres.app/Contents/Versions/9.4/bin:~/dotfiles:/usr/local/bin:/usr/bin:/bin:/usr/sbin:/sbin:usr/local/binusr/local/include:/usr/local/heroku/bin:./bin:./.bundle/bin:/Users/aclark/.rbenv/shims:/Applications/Postgres.app/Contents/Versions/9.4/bin:~/dotfiles:/usr/local/bin:/usr/bin:/bin:/usr/sbin:/sbin:usr/local/binusr/local/include./bin:./.bundle/bin:/Users/aclark/.rbenv/shims:/Applications/Postgres.app/Contents/Versions/9.4/bin:~/dotfiles:/usr/local/bin:/usr/bin:/bin:/usr/sbin:/sbin:usr/local/binusr/local/include:/usr/local/heroku/bin:./bin:./.bundle/bin:/Users/aclark/.rbenv/shims:/Applications/Postgres.app/Contents/Versions/9.4/bin:~/dotfiles:/usr/local/bin:/usr/bin:/bin:/usr/sbin:/sbin:usr/local/binusr/local/include:/Users/aclark/npm
10 verbose lifecycle staticSite@1.0.0~run: CWD: /Users/aclark/projects/clark/staticSite
11 silly lifecycle staticSite@1.0.0~run: Args: [ '-c',
11 silly lifecycle   'npm run server npm run watch-css & npm run watch-html' ]
12 silly lifecycle staticSite@1.0.0~run: Returned: code: 1  signal: null
13 info lifecycle staticSite@1.0.0~run: Failed to exec run script
14 verbose stack Error: staticSite@1.0.0 run: `npm run server npm run watch-css & npm run watch-html`
14 verbose stack Exit status 1
14 verbose stack     at EventEmitter.<anonymous> (/Users/aclark/.nvm/versions/node/v6.1.0/lib/node_modules/npm/lib/utils/lifecycle.js:239:16)
14 verbose stack     at emitTwo (events.js:106:13)
14 verbose stack     at EventEmitter.emit (events.js:191:7)
14 verbose stack     at ChildProcess.<anonymous> (/Users/aclark/.nvm/versions/node/v6.1.0/lib/node_modules/npm/lib/utils/spawn.js:24:14)
14 verbose stack     at emitTwo (events.js:106:13)
14 verbose stack     at ChildProcess.emit (events.js:191:7)
14 verbose stack     at maybeClose (internal/child_process.js:850:16)
14 verbose stack     at Process.ChildProcess._handle.onexit (internal/child_process.js:215:5)
15 verbose pkgid staticSite@1.0.0
16 verbose cwd /Users/aclark/projects/clark/staticSite/site
17 error Darwin 15.5.0
18 error argv "/Users/aclark/.nvm/versions/node/v6.1.0/bin/node" "/Users/aclark/.nvm/versions/node/v6.1.0/bin/npm" "run" "run"
19 error node v6.1.0
20 error npm  v3.8.6
21 error code ELIFECYCLE
22 error staticSite@1.0.0 run: `npm run server npm run watch-css & npm run watch-html`
22 error Exit status 1
23 error Failed at the staticSite@1.0.0 run script 'npm run server npm run watch-css & npm run watch-html'.
23 error Make sure you have the latest version of node.js and npm installed.
23 error If you do, this is most likely a problem with the staticSite package,
23 error not with npm itself.
23 error Tell the author that this fails on your system:
23 error     npm run server npm run watch-css & npm run watch-html
23 error You can get information on how to open an issue for this project with:
23 error     npm bugs staticSite
23 error Or if that isn't available, you can get their info via:
23 error     npm owner ls staticSite
23 error There is likely additional logging output above.
24 verbose exit [ 1, true ]
